<?xml version="1.0" encoding="UTF-8"?>
<!-- Generated by org.testng.reporters.JUnitReportReporter -->
<testsuite hostname="LTIN230313" failures="0" tests="6" name="com.regressiontestcases.RegressionTests" time="96.585" errors="0" timestamp="2024-02-28T15:38:14 IST" skipped="0">
  <testcase classname="com.regressiontestcases.RegressionTests" name="upComingBikes" time="14.444"/>
  <system-out/>
  <testcase classname="com.regressiontestcases.RegressionTests" name="upComingBikes" time="18.293"/>
  <system-out/>
  <testcase classname="com.regressiontestcases.RegressionTests" name="usedCars" time="7.146"/>
  <system-out/>
  <testcase classname="com.regressiontestcases.RegressionTests" name="usedCars" time="19.483"/>
  <system-out/>
  <testcase classname="com.regressiontestcases.RegressionTests" name="testGoogleSignIn" time="10.908"/>
  <system-out/>
  <testcase classname="com.regressiontestcases.RegressionTests" name="testGoogleSignIn" time="26.311"/>
  <system-out/>
</testsuite> <!-- com.regressiontestcases.RegressionTests -->
