<?xml version="1.0" encoding="UTF-8"?>
<!-- Generated by org.testng.reporters.JUnitReportReporter -->
<testsuite hostname="LTIN230313" failures="0" tests="6" name="com.regressiontestcases.RegressionTests" time="43.375" errors="0" timestamp="2024-03-01T16:36:28 IST" skipped="0">
  <testcase classname="com.regressiontestcases.RegressionTests" name="upComingBikes" time="8.121"/>
  <system-out/>
  <testcase classname="com.regressiontestcases.RegressionTests" name="upComingBikes" time="9.907"/>
  <system-out/>
  <testcase classname="com.regressiontestcases.RegressionTests" name="usedCars" time="4.679"/>
  <system-out/>
  <testcase classname="com.regressiontestcases.RegressionTests" name="usedCars" time="4.340"/>
  <system-out/>
  <testcase classname="com.regressiontestcases.RegressionTests" name="testGoogleSignIn" time="7.413"/>
  <system-out/>
  <testcase classname="com.regressiontestcases.RegressionTests" name="testGoogleSignIn" time="8.915"/>
  <system-out/>
</testsuite> <!-- com.regressiontestcases.RegressionTests -->
