<?xml version="1.0" encoding="UTF-8"?>
<!-- Generated by org.testng.reporters.JUnitReportReporter -->
<testsuite hostname="LTIN230313" failures="0" tests="8" name="regression.RegressionTests" time="46.518" errors="0" timestamp="2024-03-04T15:42:17 IST" skipped="0">
  <testcase classname="regression.RegressionTests" name="upComingBikes" time="1.058"/>
  <system-out/>
  <testcase classname="regression.RegressionTests" name="upComingBikes" time="12.475"/>
  <system-out/>
  <testcase classname="regression.RegressionTests" name="usedCars" time="6.325"/>
  <system-out/>
  <testcase classname="regression.RegressionTests" name="usedCars" time="7.228"/>
  <system-out/>
  <testcase classname="regression.RegressionTests" name="testGoogleSignIn" time="7.816"/>
  <system-out/>
  <testcase classname="regression.RegressionTests" name="testGoogleSignIn" time="7.354"/>
  <system-out/>
  <testcase classname="regression.RegressionTests" name="capture_errormessage" time="2.115"/>
  <system-out/>
  <testcase classname="regression.RegressionTests" name="capture_errormessage" time="2.147"/>
  <system-out/>
</testsuite> <!-- regression.RegressionTests -->
