<?xml version="1.0" encoding="UTF-8"?>
<!-- Generated by org.testng.reporters.JUnitReportReporter -->
<testsuite hostname="LTIN230313" failures="0" tests="8" name="regression.RegressionTests" time="152.785" errors="0" timestamp="2024-03-04T22:03:56 IST" skipped="0">
  <testcase classname="regression.RegressionTests" name="upComingBikes" time="9.154"/>
  <system-out/>
  <testcase classname="regression.RegressionTests" name="upComingBikes" time="62.096"/>
  <system-out/>
  <testcase classname="regression.RegressionTests" name="usedCars" time="16.911"/>
  <system-out/>
  <testcase classname="regression.RegressionTests" name="usedCars" time="5.361"/>
  <system-out/>
  <testcase classname="regression.RegressionTests" name="testGoogleSignIn" time="7.532"/>
  <system-out/>
  <testcase classname="regression.RegressionTests" name="testGoogleSignIn" time="4.926"/>
  <system-out/>
  <testcase classname="regression.RegressionTests" name="capture_errormessage" time="39.360"/>
  <system-out/>
  <testcase classname="regression.RegressionTests" name="capture_errormessage" time="7.445"/>
  <system-out/>
</testsuite> <!-- regression.RegressionTests -->
